<?xml version="1.0" encoding="UTF-8"?>
<!-- Generated by org.testng.reporters.JUnitXMLReporter -->
<testsuite ignored="0" hostname="DESKTOP-PNIJDNB" failures="0" tests="7" name="Surefire test" time="54.705" errors="0" timestamp="2024-07-19T13:37:08 IST">
  <testcase classname="com.testngselenium.demo.FirstTest" name="Hello" time="0.004"/>
  <testcase classname="com.testngselenium.demo.FirstTest" name="HelloWorld" time="0.002"/>
  <testcase classname="com.testngselenium.demo.GroupTest" name="launchChrome" time="10.913"/>
  <testcase classname="com.testngselenium.demo.GroupTest" name="launchFirefox" time="20.279"/>
  <testcase classname="com.testngselenium.demo.GroupTest" name="loginWithChrome" time="7.775"/>
  <testcase classname="com.testngselenium.demo.GroupTest" name="loginWithFirefox" time="15.581"/>
  <testcase classname="com.testngselenium.demo.NewTest" name="f" time="0.001"/>
</testsuite> <!-- Surefire test -->
