<?xml version="1.0" encoding="UTF-8"?>
<testng-results ignored="0" total="7" passed="7" failed="0" skipped="0">
  <reporter-output>
  </reporter-output>
  <suite started-at="2024-07-19T13:36:13 IST" name="Surefire suite" finished-at="2024-07-19T13:37:08 IST" duration-ms="54705">
    <groups>
      <group name="Chrome">
        <method signature="GroupTest.launchChrome()[pri:0, instance:com.testngselenium.demo.GroupTest@78dd667e]" name="launchChrome" class="com.testngselenium.demo.GroupTest"/>
        <method signature="GroupTest.loginWithChrome()[pri:0, instance:com.testngselenium.demo.GroupTest@78dd667e]" name="loginWithChrome" class="com.testngselenium.demo.GroupTest"/>
      </group> <!-- Chrome -->
      <group name="Firefox">
        <method signature="GroupTest.launchFirefox()[pri:0, instance:com.testngselenium.demo.GroupTest@78dd667e]" name="launchFirefox" class="com.testngselenium.demo.GroupTest"/>
        <method signature="GroupTest.loginWithFirefox()[pri:0, instance:com.testngselenium.demo.GroupTest@78dd667e]" name="loginWithFirefox" class="com.testngselenium.demo.GroupTest"/>
      </group> <!-- Firefox -->
    </groups>
    <test started-at="2024-07-19T13:36:13 IST" name="Surefire test" finished-at="2024-07-19T13:37:08 IST" duration-ms="54705">
      <class name="com.testngselenium.demo.FirstTest">
        <test-method is-config="true" signature="beforeSuit()[pri:0, instance:com.testngselenium.demo.FirstTest@7fc229ab]" started-at="2024-07-19T13:36:13 IST" name="beforeSuit" finished-at="2024-07-19T13:36:13 IST" duration-ms="19" status="PASS">
          <reporter-output>
          </reporter-output>
        </test-method> <!-- beforeSuit -->
        <test-method is-config="true" signature="beforeTest()[pri:0, instance:com.testngselenium.demo.FirstTest@7fc229ab]" started-at="2024-07-19T13:36:13 IST" name="beforeTest" finished-at="2024-07-19T13:36:13 IST" duration-ms="1" status="PASS">
          <reporter-output>
          </reporter-output>
        </test-method> <!-- beforeTest -->
        <test-method is-config="true" signature="beforeClass()[pri:0, instance:com.testngselenium.demo.FirstTest@7fc229ab]" started-at="2024-07-19T13:36:13 IST" name="beforeClass" finished-at="2024-07-19T13:36:13 IST" duration-ms="1" status="PASS">
          <reporter-output>
          </reporter-output>
        </test-method> <!-- beforeClass -->
        <test-method is-config="true" signature="beforeMethod()[pri:0, instance:com.testngselenium.demo.FirstTest@7fc229ab]" started-at="2024-07-19T13:36:13 IST" name="beforeMethod" finished-at="2024-07-19T13:36:13 IST" duration-ms="1" status="PASS">
          <reporter-output>
          </reporter-output>
        </test-method> <!-- beforeMethod -->
        <test-method signature="Hello()[pri:0, instance:com.testngselenium.demo.FirstTest@7fc229ab]" started-at="2024-07-19T13:36:13 IST" name="Hello" finished-at="2024-07-19T13:36:13 IST" duration-ms="4" status="PASS">
          <reporter-output>
          </reporter-output>
        </test-method> <!-- Hello -->
        <test-method is-config="true" signature="afterMethod()[pri:0, instance:com.testngselenium.demo.FirstTest@7fc229ab]" started-at="2024-07-19T13:36:13 IST" name="afterMethod" finished-at="2024-07-19T13:36:13 IST" duration-ms="1" status="PASS">
          <reporter-output>
          </reporter-output>
        </test-method> <!-- afterMethod -->
        <test-method is-config="true" signature="beforeMethod()[pri:0, instance:com.testngselenium.demo.FirstTest@7fc229ab]" started-at="2024-07-19T13:36:13 IST" name="beforeMethod" finished-at="2024-07-19T13:36:13 IST" duration-ms="6" status="PASS">
          <reporter-output>
          </reporter-output>
        </test-method> <!-- beforeMethod -->
        <test-method signature="HelloWorld()[pri:0, instance:com.testngselenium.demo.FirstTest@7fc229ab]" started-at="2024-07-19T13:36:13 IST" name="HelloWorld" finished-at="2024-07-19T13:36:13 IST" duration-ms="2" status="PASS">
          <reporter-output>
          </reporter-output>
        </test-method> <!-- HelloWorld -->
        <test-method is-config="true" signature="afterMethod()[pri:0, instance:com.testngselenium.demo.FirstTest@7fc229ab]" started-at="2024-07-19T13:36:13 IST" name="afterMethod" finished-at="2024-07-19T13:36:13 IST" duration-ms="1" status="PASS">
          <reporter-output>
          </reporter-output>
        </test-method> <!-- afterMethod -->
        <test-method is-config="true" signature="afterClass()[pri:0, instance:com.testngselenium.demo.FirstTest@7fc229ab]" started-at="2024-07-19T13:36:13 IST" name="afterClass" finished-at="2024-07-19T13:36:13 IST" duration-ms="1" status="PASS">
          <reporter-output>
          </reporter-output>
        </test-method> <!-- afterClass -->
        <test-method is-config="true" signature="AfterTest()[pri:0, instance:com.testngselenium.demo.FirstTest@7fc229ab]" started-at="2024-07-19T13:37:08 IST" name="AfterTest" finished-at="2024-07-19T13:37:08 IST" duration-ms="1" status="PASS">
          <reporter-output>
          </reporter-output>
        </test-method> <!-- AfterTest -->
        <test-method is-config="true" signature="AfterSuit()[pri:0, instance:com.testngselenium.demo.FirstTest@7fc229ab]" started-at="2024-07-19T13:37:08 IST" name="AfterSuit" finished-at="2024-07-19T13:37:08 IST" duration-ms="1" status="PASS">
          <reporter-output>
          </reporter-output>
        </test-method> <!-- AfterSuit -->
      </class> <!-- com.testngselenium.demo.FirstTest -->
      <class name="com.testngselenium.demo.NewTest">
        <test-method is-config="true" signature="beforeSuite()[pri:0, instance:com.testngselenium.demo.NewTest@10db82ae]" started-at="2024-07-19T13:36:13 IST" name="beforeSuite" finished-at="2024-07-19T13:36:13 IST" duration-ms="1" status="PASS">
          <reporter-output>
          </reporter-output>
        </test-method> <!-- beforeSuite -->
        <test-method is-config="true" signature="beforeTest()[pri:0, instance:com.testngselenium.demo.NewTest@10db82ae]" started-at="2024-07-19T13:36:13 IST" name="beforeTest" finished-at="2024-07-19T13:36:13 IST" duration-ms="0" status="PASS">
          <reporter-output>
          </reporter-output>
        </test-method> <!-- beforeTest -->
        <test-method is-config="true" signature="beforeClass()[pri:0, instance:com.testngselenium.demo.NewTest@10db82ae]" started-at="2024-07-19T13:37:08 IST" name="beforeClass" finished-at="2024-07-19T13:37:08 IST" duration-ms="1" status="PASS">
          <reporter-output>
          </reporter-output>
        </test-method> <!-- beforeClass -->
        <test-method signature="f()[pri:0, instance:com.testngselenium.demo.NewTest@10db82ae]" started-at="2024-07-19T13:37:08 IST" name="f" finished-at="2024-07-19T13:37:08 IST" duration-ms="1" status="PASS">
          <reporter-output>
          </reporter-output>
        </test-method> <!-- f -->
        <test-method is-config="true" signature="beforeMethod()[pri:0, instance:com.testngselenium.demo.NewTest@10db82ae]" started-at="2024-07-19T13:37:08 IST" name="beforeMethod" finished-at="2024-07-19T13:37:08 IST" duration-ms="0" status="PASS">
          <reporter-output>
          </reporter-output>
        </test-method> <!-- beforeMethod -->
        <test-method is-config="true" signature="afterClass()[pri:0, instance:com.testngselenium.demo.NewTest@10db82ae]" started-at="2024-07-19T13:37:08 IST" name="afterClass" finished-at="2024-07-19T13:37:08 IST" duration-ms="1" status="PASS">
          <reporter-output>
          </reporter-output>
        </test-method> <!-- afterClass -->
        <test-method is-config="true" signature="afterMethod()[pri:0, instance:com.testngselenium.demo.NewTest@10db82ae]" started-at="2024-07-19T13:37:08 IST" name="afterMethod" finished-at="2024-07-19T13:37:08 IST" duration-ms="0" status="PASS">
          <reporter-output>
          </reporter-output>
        </test-method> <!-- afterMethod -->
        <test-method is-config="true" signature="afterTest()[pri:0, instance:com.testngselenium.demo.NewTest@10db82ae]" started-at="2024-07-19T13:37:08 IST" name="afterTest" finished-at="2024-07-19T13:37:08 IST" duration-ms="1" status="PASS">
          <reporter-output>
          </reporter-output>
        </test-method> <!-- afterTest -->
        <test-method is-config="true" signature="afterSuite()[pri:0, instance:com.testngselenium.demo.NewTest@10db82ae]" started-at="2024-07-19T13:37:08 IST" name="afterSuite" finished-at="2024-07-19T13:37:08 IST" duration-ms="1" status="PASS">
          <reporter-output>
          </reporter-output>
        </test-method> <!-- afterSuite -->
      </class> <!-- com.testngselenium.demo.NewTest -->
      <class name="com.testngselenium.demo.GroupTest">
        <test-method signature="launchChrome()[pri:0, instance:com.testngselenium.demo.GroupTest@78dd667e]" started-at="2024-07-19T13:36:13 IST" name="launchChrome" finished-at="2024-07-19T13:36:24 IST" duration-ms="10913" status="PASS">
          <reporter-output>
          </reporter-output>
        </test-method> <!-- launchChrome -->
        <test-method signature="launchFirefox()[pri:0, instance:com.testngselenium.demo.GroupTest@78dd667e]" started-at="2024-07-19T13:36:24 IST" name="launchFirefox" finished-at="2024-07-19T13:36:44 IST" duration-ms="20279" status="PASS">
          <reporter-output>
          </reporter-output>
        </test-method> <!-- launchFirefox -->
        <test-method signature="loginWithChrome()[pri:0, instance:com.testngselenium.demo.GroupTest@78dd667e]" started-at="2024-07-19T13:36:44 IST" name="loginWithChrome" finished-at="2024-07-19T13:36:52 IST" depends-on-methods="com.testngselenium.demo.GroupTest.launchChrome" duration-ms="7775" status="PASS">
          <reporter-output>
          </reporter-output>
        </test-method> <!-- loginWithChrome -->
        <test-method signature="loginWithFirefox()[pri:0, instance:com.testngselenium.demo.GroupTest@78dd667e]" started-at="2024-07-19T13:36:52 IST" name="loginWithFirefox" finished-at="2024-07-19T13:37:08 IST" depends-on-methods="com.testngselenium.demo.GroupTest.launchFirefox" duration-ms="15581" status="PASS">
          <reporter-output>
          </reporter-output>
        </test-method> <!-- loginWithFirefox -->
      </class> <!-- com.testngselenium.demo.GroupTest -->
    </test> <!-- Surefire test -->
  </suite> <!-- Surefire suite -->
</testng-results>
