<?xml version="1.0" encoding="UTF-8"?>
<testsuite xmlns:xsi="http://www.w3.org/2001/XMLSchema-instance" xsi:noNamespaceSchemaLocation="https://maven.apache.org/surefire/maven-surefire-plugin/xsd/surefire-test-report-3.0.xsd" version="3.0" name="TestSuite" time="56.944" tests="7" errors="0" skipped="0" failures="0">
  <properties>
[...]
</properties>
  <testcase name="Hello" classname="com.testngselenium.demo.FirstTest" time="0.006">
    <system-out><![CDATA[Before Suit..
Before Suite
Before Test..
Before Test
Before Class..
Before Method..
Welcome to TestNg
]]></system-out>
    <system-err><![CDATA[SLF4J: Failed to load class "org.slf4j.impl.StaticLoggerBinder".
SLF4J: Defaulting to no-operation (NOP) logger implementation
SLF4J: See http://www.slf4j.org/codes.html#StaticLoggerBinder for further details.
]]></system-err>
  </testcase>
  <testcase name="HelloWorld" classname="com.testngselenium.demo.FirstTest" time="0.0">
    <system-out><![CDATA[After Method..
Before Method..
Hello World Test
]]></system-out>
  </testcase>
  <testcase name="launchChrome" classname="com.testngselenium.demo.GroupTest" time="10.913">
    <system-out><![CDATA[After Method..
After Class..
]]></system-out>
  </testcase>
  <testcase name="launchFirefox" classname="com.testngselenium.demo.GroupTest" time="20.281"/>
  <testcase name="loginWithChrome" classname="com.testngselenium.demo.GroupTest" time="7.776"/>
  <testcase name="loginWithFirefox" classname="com.testngselenium.demo.GroupTest" time="15.579"/>
  <testcase name="f" classname="com.testngselenium.demo.NewTest" time="0.0">
    <system-out><![CDATA[Before Class
Before Method
FirstTest
]]></system-out>
  </testcase>
</testsuite>